  [4;36;1mSQL (0.2ms)[0m   [0;1m SELECT name
 FROM sqlite_master
 WHERE type = 'table' AND NOT name = 'sqlite_sequence'
[0m
  [4;36;1mSQL (0.2ms)[0m   [0;1m SELECT name
 FROM sqlite_master
 WHERE type = 'table' AND NOT name = 'sqlite_sequence'
[0m
  [4;35;1mSQL (0.1ms)[0m   [0mselect sqlite_version(*)[0m
  [4;36;1mSQL (1.3ms)[0m   [0;1mCREATE TABLE "schema_migrations" ("version" varchar(255) NOT NULL) [0m
  [4;35;1mSQL (1.4ms)[0m   [0mCREATE UNIQUE INDEX "unique_schema_migrations" ON "schema_migrations" ("version")[0m
  [4;36;1mSQL (0.2ms)[0m   [0;1m SELECT name
 FROM sqlite_master
 WHERE type = 'table' AND NOT name = 'sqlite_sequence'
[0m
  [4;35;1mSQL (0.1ms)[0m   [0mSELECT version FROM schema_migrations[0m
Migrating to CreateBlogs (20100529053929)
  [4;36;1mSQL (0.5ms)[0m   [0;1mCREATE TABLE "blogs" ("id" INTEGER PRIMARY KEY AUTOINCREMENT NOT NULL, "title" varchar(255), "content" text, "created_at" datetime, "updated_at" datetime) [0m
  [4;35;1mSQL (0.1ms)[0m   [0mINSERT INTO schema_migrations (version) VALUES ('20100529053929')[0m
  [4;36;1mSQL (0.3ms)[0m   [0;1m SELECT name
 FROM sqlite_master
 WHERE type = 'table' AND NOT name = 'sqlite_sequence'
[0m
  [4;35;1mSQL (0.1ms)[0m   [0mSELECT version FROM schema_migrations[0m
  [4;36;1mSQL (0.1ms)[0m   [0;1m SELECT name
 FROM sqlite_master
 WHERE type = 'table' AND NOT name = 'sqlite_sequence'
[0m
  [4;35;1mSQL (0.0ms)[0m   [0mPRAGMA index_list("blogs")[0m


Processing ApplicationController#index (for 127.0.0.1 at 2010-05-29 15:53:21) [GET]

ActionController::RoutingError (No route matches "/blog" with {:method=>:get}):
  

Rendering rescues/layout (not_found)


Processing BlogsController#index (for 127.0.0.1 at 2010-05-29 15:53:24) [GET]
  [4;36;1mBlog Load (0.3ms)[0m   [0;1mSELECT * FROM "blogs" [0m
Rendering template within layouts/application
Rendering blogs/index
Completed in 84ms (View: 81, DB: 0) | 200 OK [http://localhost/blogs]


Processing BlogsController#new (for 127.0.0.1 at 2010-05-29 15:53:30) [GET]
Rendering template within layouts/application
Rendering blogs/new
Rendered blogs/_form (4.2ms)
Completed in 16ms (View: 12, DB: 0) | 200 OK [http://localhost/blogs/new]


Processing BlogsController#create (for 127.0.0.1 at 2010-05-29 15:53:39) [POST]
  Parameters: {"commit"=>"Save changes", "blog"=>{"title"=>"Wow", "content"=>"Hello world"}, "authenticity_token"=>"Ddqi/gAl5qWH3FaUVYum7AjY97J+hkwJOFZedZ6TAHQ="}
  [4;35;1mBlog Create (0.4ms)[0m   [0mINSERT INTO "blogs" ("created_at", "title", "updated_at", "content") VALUES('2010-05-29 05:53:39', 'Wow', '2010-05-29 05:53:39', 'Hello world')[0m
Redirected to http://localhost:3000/blogs/1
Completed in 8ms (DB: 0) | 302 Found [http://localhost/blogs]


Processing BlogsController#show (for 127.0.0.1 at 2010-05-29 15:53:39) [GET]
  Parameters: {"id"=>"1"}
  [4;36;1mBlog Load (0.2ms)[0m   [0;1mSELECT * FROM "blogs" WHERE ("blogs"."id" = 1) [0m
Rendering template within layouts/application
Rendering blogs/show
Completed in 13ms (View: 8, DB: 0) | 200 OK [http://localhost/blogs/1]


Processing BlogsController#index (for 127.0.0.1 at 2010-05-29 15:53:44) [GET]
  [4;35;1mBlog Load (0.4ms)[0m   [0mSELECT * FROM "blogs" [0m
Rendering template within layouts/application
Rendering blogs/index
Completed in 9ms (View: 5, DB: 0) | 200 OK [http://localhost/blogs]


Processing BlogsController#new (for 127.0.0.1 at 2010-05-29 15:53:49) [GET]
Rendering template within layouts/application
Rendering blogs/new
Rendered blogs/_form (2.9ms)
Completed in 8ms (View: 4, DB: 0) | 200 OK [http://localhost/blogs/new]


Processing BlogsController#create (for 127.0.0.1 at 2010-05-29 15:53:58) [POST]
  Parameters: {"commit"=>"Save changes", "blog"=>{"title"=>"My Second post", "content"=>"more"}, "authenticity_token"=>"Ddqi/gAl5qWH3FaUVYum7AjY97J+hkwJOFZedZ6TAHQ="}
  [4;36;1mBlog Create (0.4ms)[0m   [0;1mINSERT INTO "blogs" ("created_at", "title", "updated_at", "content") VALUES('2010-05-29 05:53:58', 'My Second post', '2010-05-29 05:53:58', 'more')[0m
Redirected to http://localhost:3000/blogs/2
Completed in 8ms (DB: 0) | 302 Found [http://localhost/blogs]


Processing BlogsController#show (for 127.0.0.1 at 2010-05-29 15:53:58) [GET]
  Parameters: {"id"=>"2"}
  [4;35;1mBlog Load (0.2ms)[0m   [0mSELECT * FROM "blogs" WHERE ("blogs"."id" = 2) [0m
Rendering template within layouts/application
Rendering blogs/show
Completed in 9ms (View: 5, DB: 0) | 200 OK [http://localhost/blogs/2]


Processing BlogsController#index (for 127.0.0.1 at 2010-05-29 15:54:00) [GET]
  [4;36;1mBlog Load (0.5ms)[0m   [0;1mSELECT * FROM "blogs" [0m
Rendering template within layouts/application
Rendering blogs/index
Completed in 11ms (View: 8, DB: 0) | 200 OK [http://localhost/blogs]


Processing BlogsController#show (for 127.0.0.1 at 2010-05-29 15:54:18) [GET]
  Parameters: {"id"=>"2"}
  [4;35;1mBlog Load (0.2ms)[0m   [0mSELECT * FROM "blogs" WHERE ("blogs"."id" = 2) [0m
Rendering template within layouts/application
Rendering blogs/show
Completed in 9ms (View: 5, DB: 0) | 200 OK [http://localhost/blogs/2]


Processing BlogsController#edit (for 127.0.0.1 at 2010-05-29 15:54:36) [GET]
  Parameters: {"id"=>"1"}
  [4;36;1mBlog Load (0.2ms)[0m   [0;1mSELECT * FROM "blogs" WHERE ("blogs"."id" = 1) [0m
Rendering template within layouts/application
Rendering blogs/edit
Rendered blogs/_form (3.9ms)
Completed in 13ms (View: 9, DB: 0) | 200 OK [http://localhost/blogs/1/edit]


Processing BlogsController#index (for 127.0.0.1 at 2010-05-29 16:04:51) [GET]
  [4;35;1mBlog Load (0.5ms)[0m   [0mSELECT * FROM "blogs" [0m
Rendering template within layouts/application
Rendering blogs/index
Completed in 14ms (View: 10, DB: 1) | 200 OK [http://localhost/blogs]


Processing BlogsController#show (for 127.0.0.1 at 2010-05-29 16:09:06) [GET]
  Parameters: {"id"=>"1"}
  [4;36;1mBlog Load (0.2ms)[0m   [0;1mSELECT * FROM "blogs" WHERE ("blogs"."id" = 1) [0m
Rendering template within layouts/application
Rendering blogs/show
Completed in 9ms (View: 5, DB: 0) | 200 OK [http://localhost/blogs/1]


Processing BlogsController#edit (for 127.0.0.1 at 2010-05-29 16:11:35) [GET]
  Parameters: {"id"=>"1"}
  [4;35;1mBlog Load (0.2ms)[0m   [0mSELECT * FROM "blogs" WHERE ("blogs"."id" = 1) [0m
Rendering template within layouts/application
Rendering blogs/edit
Rendered blogs/_form (4.1ms)
Completed in 14ms (View: 9, DB: 0) | 200 OK [http://localhost/blogs/1/edit]


Processing BlogsController#edit (for 127.0.0.1 at 2010-05-29 16:11:41) [GET]
  Parameters: {"id"=>"1"}
  [4;36;1mBlog Load (0.2ms)[0m   [0;1mSELECT * FROM "blogs" WHERE ("blogs"."id" = 1) [0m
Rendering template within layouts/application
Rendering blogs/edit
Rendered blogs/_form (72.4ms)
Completed in 82ms (View: 77, DB: 0) | 200 OK [http://localhost/blogs/1/edit]


Processing BlogsController#show (for 127.0.0.1 at 2010-05-29 16:38:46) [GET]
  Parameters: {"id"=>"1"}
  [4;35;1mBlog Load (0.2ms)[0m   [0mSELECT * FROM "blogs" WHERE ("blogs"."id" = 1) [0m
Rendering template within layouts/application
Rendering blogs/show
Completed in 13ms (View: 8, DB: 0) | 200 OK [http://localhost/blogs/1]


Processing BlogsController#index (for 127.0.0.1 at 2010-05-29 16:40:16) [GET]
  [4;36;1mBlog Load (0.5ms)[0m   [0;1mSELECT * FROM "blogs" [0m
Rendering template within layouts/application
Rendering blogs/index
Completed in 14ms (View: 10, DB: 1) | 200 OK [http://localhost/blogs]


Processing BlogsController#new (for 127.0.0.1 at 2010-05-29 16:40:17) [GET]
Rendering template within layouts/application
Rendering blogs/new
Rendered blogs/_form (3.4ms)
Completed in 9ms (View: 5, DB: 0) | 200 OK [http://localhost/blogs/new]


Processing BlogsController#create (for 127.0.0.1 at 2010-05-29 16:40:20) [POST]
  Parameters: {"commit"=>"Save changes", "blog"=>{"title"=>"", "content"=>""}, "authenticity_token"=>"Ddqi/gAl5qWH3FaUVYum7AjY97J+hkwJOFZedZ6TAHQ="}
  [4;35;1mBlog Create (0.3ms)[0m   [0mINSERT INTO "blogs" ("created_at", "title", "updated_at", "content") VALUES('2010-05-29 06:40:20', '', '2010-05-29 06:40:20', '')[0m
Redirected to http://localhost:3000/blogs/4
Completed in 8ms (DB: 0) | 302 Found [http://localhost/blogs]


Processing BlogsController#show (for 127.0.0.1 at 2010-05-29 16:40:20) [GET]
  Parameters: {"id"=>"4"}
  [4;36;1mBlog Load (0.2ms)[0m   [0;1mSELECT * FROM "blogs" WHERE ("blogs"."id" = 4) [0m
Rendering template within layouts/application
Rendering blogs/show
Completed in 9ms (View: 5, DB: 0) | 200 OK [http://localhost/blogs/4]


Processing BlogsController#index (for 127.0.0.1 at 2010-05-29 16:40:43) [GET]
  [4;35;1mBlog Load (0.5ms)[0m   [0mSELECT * FROM "blogs" [0m
Rendering template within layouts/application
Rendering blogs/index
Completed in 16ms (View: 12, DB: 1) | 200 OK [http://localhost/blogs]


Processing BlogsController#new (for 127.0.0.1 at 2010-05-29 16:40:44) [GET]
Rendering template within layouts/application
Rendering blogs/new
Rendered blogs/_form (3.0ms)
Completed in 9ms (View: 4, DB: 0) | 200 OK [http://localhost/blogs/new]


Processing BlogsController#create (for 127.0.0.1 at 2010-05-29 16:40:50) [POST]
  Parameters: {"commit"=>"Save changes", "blog"=>{"title"=>"", "content"=>"hello"}, "authenticity_token"=>"Ddqi/gAl5qWH3FaUVYum7AjY97J+hkwJOFZedZ6TAHQ="}
Rendering template within layouts/application
Rendering blogs/new
Rendered blogs/_form (6.2ms)
Completed in 13ms (View: 8, DB: 0) | 200 OK [http://localhost/blogs]


Processing BlogsController#create (for 127.0.0.1 at 2010-05-29 16:41:14) [POST]
  Parameters: {"commit"=>"Save changes", "blog"=>{"title"=>"", "content"=>"hello"}, "authenticity_token"=>"Ddqi/gAl5qWH3FaUVYum7AjY97J+hkwJOFZedZ6TAHQ="}
Rendering template within layouts/application
Rendering blogs/new
Rendered blogs/_form (6.5ms)
Completed in 13ms (View: 8, DB: 0) | 200 OK [http://localhost/blogs]


Processing BlogsController#create (for 127.0.0.1 at 2010-05-29 16:41:15) [POST]
  Parameters: {"commit"=>"Save changes", "blog"=>{"title"=>"", "content"=>"hello"}, "authenticity_token"=>"Ddqi/gAl5qWH3FaUVYum7AjY97J+hkwJOFZedZ6TAHQ="}
Rendering template within layouts/application
Rendering blogs/new
Rendered blogs/_form (6.1ms)
Completed in 13ms (View: 8, DB: 0) | 200 OK [http://localhost/blogs]


Processing BlogsController#create (for 127.0.0.1 at 2010-05-29 16:41:15) [POST]
  Parameters: {"commit"=>"Save changes", "blog"=>{"title"=>"", "content"=>"hello"}, "authenticity_token"=>"Ddqi/gAl5qWH3FaUVYum7AjY97J+hkwJOFZedZ6TAHQ="}
Rendering template within layouts/application
Rendering blogs/new
Rendered blogs/_form (7.3ms)
Completed in 15ms (View: 9, DB: 0) | 200 OK [http://localhost/blogs]


Processing BlogsController#create (for 127.0.0.1 at 2010-05-29 16:43:25) [POST]
  Parameters: {"commit"=>"Save changes", "blog"=>{"title"=>"a", "content"=>"hello"}, "authenticity_token"=>"Ddqi/gAl5qWH3FaUVYum7AjY97J+hkwJOFZedZ6TAHQ="}
  [4;36;1mBlog Create (0.3ms)[0m   [0;1mINSERT INTO "blogs" ("created_at", "title", "updated_at", "content") VALUES('2010-05-29 06:43:25', 'a', '2010-05-29 06:43:25', 'hello')[0m
Redirected to http://localhost:3000/blogs/5
Completed in 8ms (DB: 0) | 302 Found [http://localhost/blogs]


Processing BlogsController#show (for 127.0.0.1 at 2010-05-29 16:43:25) [GET]
  Parameters: {"id"=>"5"}
  [4;35;1mBlog Load (0.2ms)[0m   [0mSELECT * FROM "blogs" WHERE ("blogs"."id" = 5) [0m
Rendering template within layouts/application
Rendering blogs/show
Completed in 9ms (View: 5, DB: 0) | 200 OK [http://localhost/blogs/5]


Processing BlogsController#edit (for 127.0.0.1 at 2010-05-29 16:44:19) [GET]
  Parameters: {"id"=>"5"}
  [4;36;1mBlog Load (0.2ms)[0m   [0;1mSELECT * FROM "blogs" WHERE ("blogs"."id" = 5) [0m
Rendering template within layouts/application
Rendering blogs/edit
Rendered blogs/_form (3.8ms)
Completed in 10ms (View: 6, DB: 0) | 200 OK [http://localhost/blogs/5/edit]


Processing BlogsController#update (for 127.0.0.1 at 2010-05-29 16:44:23) [PUT]
  Parameters: {"commit"=>"Save changes", "blog"=>{"title"=>"a", "content"=>"hello"}, "authenticity_token"=>"Ddqi/gAl5qWH3FaUVYum7AjY97J+hkwJOFZedZ6TAHQ=", "id"=>"5"}
  [4;35;1mBlog Load (0.2ms)[0m   [0mSELECT * FROM "blogs" WHERE ("blogs"."id" = 5) [0m
Rendering template within layouts/application
Rendering blogs/edit
Rendered blogs/_form (6.6ms)
Completed in 15ms (View: 9, DB: 0) | 200 OK [http://localhost/blogs/5]


Processing BlogsController#update (for 127.0.0.1 at 2010-05-29 16:44:39) [PUT]
  Parameters: {"commit"=>"Save changes", "blog"=>{"title"=>"a", "content"=>"hello"}, "authenticity_token"=>"Ddqi/gAl5qWH3FaUVYum7AjY97J+hkwJOFZedZ6TAHQ=", "id"=>"5"}
  [4;36;1mBlog Load (0.3ms)[0m   [0;1mSELECT * FROM "blogs" WHERE ("blogs"."id" = 5) [0m
Redirected to http://localhost:3000/blogs/5
Completed in 7ms (DB: 0) | 302 Found [http://localhost/blogs/5]


Processing BlogsController#show (for 127.0.0.1 at 2010-05-29 16:44:39) [GET]
  Parameters: {"id"=>"5"}
  [4;35;1mBlog Load (0.2ms)[0m   [0mSELECT * FROM "blogs" WHERE ("blogs"."id" = 5) [0m
Rendering template within layouts/application
Rendering blogs/show
Completed in 10ms (View: 5, DB: 0) | 200 OK [http://localhost/blogs/5]


Processing BlogsController#index (for 127.0.0.1 at 2010-05-29 16:44:41) [GET]
  [4;36;1mBlog Load (0.6ms)[0m   [0;1mSELECT * FROM "blogs" [0m
Rendering template within layouts/application
Rendering blogs/index
Completed in 19ms (View: 15, DB: 1) | 200 OK [http://localhost/blogs]


Processing BlogsController#new (for 127.0.0.1 at 2010-05-29 16:44:43) [GET]
Rendering template within layouts/application
Rendering blogs/new
Rendered blogs/_form (3.0ms)
Completed in 9ms (View: 5, DB: 0) | 200 OK [http://localhost/blogs/new]


Processing BlogsController#create (for 127.0.0.1 at 2010-05-29 16:44:45) [POST]
  Parameters: {"commit"=>"Save changes", "blog"=>{"title"=>"b", "content"=>""}, "authenticity_token"=>"Ddqi/gAl5qWH3FaUVYum7AjY97J+hkwJOFZedZ6TAHQ="}
Rendering template within layouts/application
Rendering blogs/new
Rendered blogs/_form (6.1ms)
Completed in 13ms (View: 8, DB: 0) | 200 OK [http://localhost/blogs]


Processing BlogsController#index to xml (for 127.0.0.1 at 2010-05-29 16:52:34) [GET]
  [4;35;1mBlog Load (0.6ms)[0m   [0mSELECT * FROM "blogs" [0m

ActionView::MissingTemplate (Missing template blogs/index.erb in view path app/views):
  

Rendering rescues/layout (internal_server_error)


Processing BlogsController#index to xml (for 127.0.0.1 at 2010-05-29 16:54:33) [GET]
  [4;36;1mBlog Load (0.6ms)[0m   [0;1mSELECT * FROM "blogs" [0m
Completed in 46ms (View: 41, DB: 1) | 200 OK [http://localhost/blogs.xml]


Processing BlogsController#index to json (for 127.0.0.1 at 2010-05-29 16:55:30) [GET]
  [4;35;1mBlog Load (0.6ms)[0m   [0mSELECT * FROM "blogs" [0m
Completed in 5ms (View: 1, DB: 1) | 406 Not Acceptable [http://localhost/blogs.json]


Processing BlogsController#index (for 127.0.0.1 at 2010-05-29 16:57:00) [GET]
  [4;36;1mBlog Load (0.6ms)[0m   [0;1mSELECT * FROM "blogs" [0m
Rendering template within layouts/application
Rendering blogs/index
Completed in 18ms (View: 14, DB: 1) | 200 OK [http://localhost/blogs]


Processing BlogsController#new (for 127.0.0.1 at 2010-05-29 16:57:02) [GET]
Rendering template within layouts/application
Rendering blogs/new
Rendered blogs/_form (3.0ms)
Completed in 8ms (View: 4, DB: 0) | 200 OK [http://localhost/blogs/new]


Processing BlogsController#edit (for 127.0.0.1 at 2010-05-29 16:57:58) [GET]
  Parameters: {"id"=>"3"}
  [4;35;1mBlog Load (0.2ms)[0m   [0mSELECT * FROM "blogs" WHERE ("blogs"."id" = 3) [0m
Rendering template within layouts/application
Rendering blogs/edit
Rendered blogs/_form (3.3ms)
Completed in 10ms (View: 5, DB: 0) | 200 OK [http://localhost/blogs/3/edit]


Processing BlogsController#show (for 127.0.0.1 at 2010-05-29 17:07:33) [GET]
  Parameters: {"id"=>"3"}
  [4;36;1mBlog Load (0.2ms)[0m   [0;1mSELECT * FROM "blogs" WHERE ("blogs"."id" = 3) [0m
Rendering template within layouts/application
Rendering blogs/show

ActionView::TemplateError (undefined method `capitalize' for nil:NilClass) on line #5 of app/views/blogs/show.html.erb:
2: 
3: <p>
4:   <strong>Title:</strong>
5:   <%=h @blog.cap_it %>
6: </p>
7: <p>
8:   <strong>Content:</strong>

    app/models/blog.rb:8:in `cap_it'
    app/views/blogs/show.html.erb:5

Rendered rescues/_trace (38.1ms)
Rendered rescues/_request_and_response (1.1ms)
Rendering rescues/layout (internal_server_error)


Processing BlogsController#index (for 127.0.0.1 at 2010-05-29 17:07:41) [GET]
  [4;35;1mBlog Load (0.6ms)[0m   [0mSELECT * FROM "blogs" [0m
Rendering template within layouts/application
Rendering blogs/index
Completed in 19ms (View: 15, DB: 1) | 200 OK [http://localhost/blogs]


Processing BlogsController#show (for 127.0.0.1 at 2010-05-29 17:07:44) [GET]
  Parameters: {"id"=>"1"}
  [4;36;1mBlog Load (0.2ms)[0m   [0;1mSELECT * FROM "blogs" WHERE ("blogs"."id" = 1) [0m
Rendering template within layouts/application
Rendering blogs/show
Completed in 10ms (View: 5, DB: 0) | 200 OK [http://localhost/blogs/1]


Processing BlogsController#edit (for 127.0.0.1 at 2010-05-29 17:08:55) [GET]
  Parameters: {"id"=>"1"}
  [4;35;1mBlog Load (0.2ms)[0m   [0mSELECT * FROM "blogs" WHERE ("blogs"."id" = 1) [0m
Rendering template within layouts/application
Rendering blogs/edit
Rendered blogs/_form (3.5ms)
Completed in 10ms (View: 5, DB: 0) | 200 OK [http://localhost/blogs/1/edit]


Processing BlogsController#edit (for 127.0.0.1 at 2010-05-29 17:09:06) [GET]
  Parameters: {"id"=>"2"}
  [4;36;1mBlog Load (0.2ms)[0m   [0;1mSELECT * FROM "blogs" WHERE ("blogs"."id" = 2) [0m
Rendering template within layouts/application
Rendering blogs/edit
Rendered blogs/_form (3.5ms)
Completed in 79ms (View: 5, DB: 0) | 200 OK [http://localhost/blogs/2/edit]


Processing BlogsController#new (for 127.0.0.1 at 2010-05-29 17:10:51) [GET]
Rendering template within layouts/application
Rendering blogs/new
Rendered blogs/_form (3.0ms)
Completed in 9ms (View: 4, DB: 0) | 200 OK [http://localhost/blogs/new]


Processing BlogsController#index (for 127.0.0.1 at 2010-05-29 17:12:40) [GET]
  [4;35;1mBlog Load (0.7ms)[0m   [0mSELECT * FROM "blogs" [0m
Rendering template within layouts/application
Rendering blogs/index
Completed in 20ms (View: 15, DB: 1) | 200 OK [http://localhost/blogs]


Processing BlogsController#edit (for 127.0.0.1 at 2010-05-29 17:12:45) [GET]
  Parameters: {"id"=>"1"}
  [4;36;1mBlog Load (0.2ms)[0m   [0;1mSELECT * FROM "blogs" WHERE ("blogs"."id" = 1) [0m
Rendering template within layouts/application
Rendering blogs/edit
Rendered blogs/_form (3.4ms)
Completed in 10ms (View: 5, DB: 0) | 200 OK [http://localhost/blogs/1/edit]


Processing BlogsController#index (for 127.0.0.1 at 2010-05-29 17:13:45) [GET]
  [4;35;1mBlog Load (0.6ms)[0m   [0mSELECT * FROM "blogs" [0m
Rendering template within layouts/application
Rendering blogs/index
Completed in 20ms (View: 15, DB: 1) | 200 OK [http://localhost/blogs]


Processing BlogsController#edit (for 127.0.0.1 at 2010-05-29 17:14:11) [GET]
  Parameters: {"id"=>"1"}
  [4;36;1mBlog Load (0.2ms)[0m   [0;1mSELECT * FROM "blogs" WHERE ("blogs"."id" = 1) [0m
Rendering template within layouts/application
Rendering blogs/edit
Rendered blogs/_form (3.3ms)
Completed in 10ms (View: 5, DB: 0) | 200 OK [http://localhost/blogs/1/edit]


Processing BlogsController#update (for 127.0.0.1 at 2010-05-29 17:14:18) [PUT]
  Parameters: {"commit"=>"Save changes", "blog"=>{"title"=>"Wow", "content"=>"Hello world"}, "authenticity_token"=>"Ddqi/gAl5qWH3FaUVYum7AjY97J+hkwJOFZedZ6TAHQ=", "id"=>"1"}
  [4;35;1mBlog Load (0.2ms)[0m   [0mSELECT * FROM "blogs" WHERE ("blogs"."id" = 1) [0m
Redirected to http://localhost:3000/blogs/1
Completed in 7ms (DB: 0) | 302 Found [http://localhost/blogs/1]


Processing BlogsController#show (for 127.0.0.1 at 2010-05-29 17:14:18) [GET]
  Parameters: {"id"=>"1"}
  [4;36;1mBlog Load (0.2ms)[0m   [0;1mSELECT * FROM "blogs" WHERE ("blogs"."id" = 1) [0m
Rendering template within layouts/application
Rendering blogs/show
Completed in 9ms (View: 5, DB: 0) | 200 OK [http://localhost/blogs/1]


Processing BlogsController#edit (for 127.0.0.1 at 2010-05-29 17:14:41) [GET]
  Parameters: {"id"=>"1"}
  [4;35;1mBlog Load (0.2ms)[0m   [0mSELECT * FROM "blogs" WHERE ("blogs"."id" = 1) [0m
Rendering template within layouts/application
Rendering blogs/edit
Rendered blogs/_form (3.6ms)
Completed in 11ms (View: 6, DB: 0) | 200 OK [http://localhost/blogs/1/edit]


Processing BlogsController#update (for 127.0.0.1 at 2010-05-29 17:14:45) [PUT]
  Parameters: {"commit"=>"Save changes", "blog"=>{"title"=>"Wow", "content"=>"Hello world1"}, "authenticity_token"=>"Ddqi/gAl5qWH3FaUVYum7AjY97J+hkwJOFZedZ6TAHQ=", "id"=>"1"}
  [4;36;1mBlog Load (0.2ms)[0m   [0;1mSELECT * FROM "blogs" WHERE ("blogs"."id" = 1) [0m
  [4;35;1mBlog Update (0.3ms)[0m   [0mUPDATE "blogs" SET "updated_at" = '2010-05-29 07:14:45', "content" = 'Hello world1' WHERE "id" = 1[0m
Redirected to http://localhost:3000/blogs/1
Completed in 9ms (DB: 0) | 302 Found [http://localhost/blogs/1]


Processing BlogsController#show (for 127.0.0.1 at 2010-05-29 17:14:45) [GET]
  Parameters: {"id"=>"1"}
  [4;36;1mBlog Load (0.2ms)[0m   [0;1mSELECT * FROM "blogs" WHERE ("blogs"."id" = 1) [0m
Rendering template within layouts/application
Rendering blogs/show
Completed in 10ms (View: 5, DB: 0) | 200 OK [http://localhost/blogs/1]


Processing BlogsController#edit (for 127.0.0.1 at 2010-05-29 17:17:05) [GET]
  Parameters: {"id"=>"1"}
  [4;35;1mBlog Load (0.2ms)[0m   [0mSELECT * FROM "blogs" WHERE ("blogs"."id" = 1) [0m
Rendering template within layouts/application
Rendering blogs/edit
Rendered blogs/_form (3.3ms)
Completed in 10ms (View: 5, DB: 0) | 200 OK [http://localhost/blogs/1/edit]


Processing BlogsController#update (for 127.0.0.1 at 2010-05-29 17:17:52) [PUT]
  Parameters: {"commit"=>"Save changes", "blog"=>{"title"=>"Wow", "content"=>"Hello world1 \"drop table"}, "authenticity_token"=>"Ddqi/gAl5qWH3FaUVYum7AjY97J+hkwJOFZedZ6TAHQ=", "id"=>"1"}
  [4;36;1mBlog Load (0.2ms)[0m   [0;1mSELECT * FROM "blogs" WHERE ("blogs"."id" = 1) [0m
  [4;35;1mBlog Update (0.3ms)[0m   [0mUPDATE "blogs" SET "updated_at" = '2010-05-29 07:17:52', "content" = 'Hello world1 "drop table' WHERE "id" = 1[0m
Redirected to http://localhost:3000/blogs/1
Completed in 9ms (DB: 0) | 302 Found [http://localhost/blogs/1]


Processing BlogsController#show (for 127.0.0.1 at 2010-05-29 17:17:52) [GET]
  Parameters: {"id"=>"1"}
  [4;36;1mBlog Load (0.2ms)[0m   [0;1mSELECT * FROM "blogs" WHERE ("blogs"."id" = 1) [0m
Rendering template within layouts/application
Rendering blogs/show
Completed in 10ms (View: 5, DB: 0) | 200 OK [http://localhost/blogs/1]
  [4;36;1mSQL (0.4ms)[0m   [0;1m SELECT name
 FROM sqlite_master
 WHERE type = 'table' AND NOT name = 'sqlite_sequence'
[0m
  [4;35;1mSQL (0.1ms)[0m   [0mSELECT version FROM schema_migrations[0m
Migrating to CreateBlogs (20100529053929)
Migrating to CreateComments (20100529072251)
  [4;36;1mSQL (0.1ms)[0m   [0;1mselect sqlite_version(*)[0m
  [4;35;1mSQL (0.5ms)[0m   [0mCREATE TABLE "comments" ("id" INTEGER PRIMARY KEY AUTOINCREMENT NOT NULL, "blog_id" integer, "first_name" varchar(255), "last_name" varchar(255), "message" text, "created_at" datetime, "updated_at" datetime) [0m
  [4;36;1mSQL (0.1ms)[0m   [0;1mINSERT INTO schema_migrations (version) VALUES ('20100529072251')[0m
  [4;35;1mSQL (0.3ms)[0m   [0m SELECT name
 FROM sqlite_master
 WHERE type = 'table' AND NOT name = 'sqlite_sequence'
[0m
  [4;36;1mSQL (0.1ms)[0m   [0;1mSELECT version FROM schema_migrations[0m
  [4;35;1mSQL (0.2ms)[0m   [0m SELECT name
 FROM sqlite_master
 WHERE type = 'table' AND NOT name = 'sqlite_sequence'
[0m
  [4;36;1mSQL (0.0ms)[0m   [0;1mPRAGMA index_list("blogs")[0m
  [4;35;1mSQL (0.0ms)[0m   [0mPRAGMA index_list("comments")[0m


Processing BlogsController#index (for 127.0.0.1 at 2010-05-29 17:50:15) [GET]
  [4;35;1mBlog Load (0.7ms)[0m   [0mSELECT * FROM "blogs" [0m
Rendering template within layouts/application
Rendering blogs/index
ERROR: compiling _run_erb_app47views47blogs47index46html46erb RAISED compile error
/Users/nigelr/Rails/blog/app/views/blogs/index.html.erb:16: syntax error, unexpected '<', expecting ')'
    </tr>
     ^
/Users/nigelr/Rails/blog/app/views/blogs/index.html.erb:17: unknown regexp options - tabl
/Users/nigelr/Rails/blog/app/views/blogs/index.html.erb:17: unmatched ): /tr>
  <% end ).to_s); @output_buffer.concat "\n</
/Users/nigelr/Rails/blog/app/views/blogs/index.html.erb:17: syntax error, unexpected $undefined
  <% end ).to_s); @output_buffer.concat "\n</table>\n\n<p>"
                                                    ^
/Users/nigelr/Rails/blog/app/views/blogs/index.html.erb:20: syntax error, unexpected tCONSTANT, expecting ')'
...t_buffer.concat(( link_to "New Blog", new_blog_path ).to_s);...
                              ^
/Users/nigelr/Rails/blog/app/views/blogs/index.html.erb:20: unterminated string meets end of file
/Users/nigelr/Rails/blog/app/views/blogs/index.html.erb:20: syntax error, unexpected tSTRING_END, expecting tSTRING_CONTENT or tREGEXP_END or tSTRING_DBEG or tSTRING_DVAR
Function body:           def _run_erb_app47views47blogs47index46html46erb(local_assigns)
            old_output_buffer = output_buffer;;@output_buffer = '';  __in_erb_template=true ;  title "Blogs" ; @output_buffer.concat "\n\n<table>\n  <tr>\n    <th>Title</th>\n    <th>Content</th>\n  </tr>\n  "






;  for blog in @blogs ; @output_buffer.concat "\n    <tr>\n      <td>"

; @output_buffer.concat((h blog.title ).to_s); @output_buffer.concat "</td>\n      <td>"
; @output_buffer.concat((h blog.content ).to_s); @output_buffer.concat "</td>\n      <td>"
; @output_buffer.concat(( link_to "Show", blog ).to_s); @output_buffer.concat "</td>\n      <td>"
; @output_buffer.concat(( link_to "Edit", edit_blog_path(blog) ).to_s); @output_buffer.concat "</td>\n      <td>"
; @output_buffer.concat(( link_to "Destroy", blog, :confirm => 'Are you sure?', :method => :delete ).to_s); @output_buffer.concat "</td>\n      <td>"
; @output_buffer.concat(( link_to "Comments", blog_comments_path()
    </tr>
  <% end ).to_s); @output_buffer.concat "\n</table>\n\n<p>"


; @output_buffer.concat(( link_to "New Blog", new_blog_path ).to_s); @output_buffer.concat "</p>\n"
; @output_buffer
          ensure
            self.output_buffer = old_output_buffer
          end
Backtrace: /Users/nigelr/Rails/blog/app/views/blogs/index.html.erb:20:in `compile!'
/Library/Ruby/Gems/1.8/gems/actionpack-2.3.5/lib/action_view/renderable.rb:61:in `compile'
/Library/Ruby/Gems/1.8/gems/actionpack-2.3.5/lib/action_view/renderable.rb:28:in `render'
/Library/Ruby/Gems/1.8/gems/actionpack-2.3.5/lib/action_view/template.rb:205:in `render_template'
/Library/Ruby/Gems/1.8/gems/actionpack-2.3.5/lib/action_view/base.rb:265:in `render'
/Library/Ruby/Gems/1.8/gems/actionpack-2.3.5/lib/action_view/base.rb:348:in `_render_with_layout'
/Library/Ruby/Gems/1.8/gems/actionpack-2.3.5/lib/action_view/base.rb:262:in `render'
/Library/Ruby/Gems/1.8/gems/actionpack-2.3.5/lib/action_controller/base.rb:1250:in `render_for_file'
/Library/Ruby/Gems/1.8/gems/actionpack-2.3.5/lib/action_controller/base.rb:945:in `render_without_benchmark'
/Library/Ruby/Gems/1.8/gems/actionpack-2.3.5/lib/action_controller/benchmarking.rb:51:in `render'
/Library/Ruby/Gems/1.8/gems/activesupport-2.3.5/lib/active_support/core_ext/benchmark.rb:17:in `ms'
/System/Library/Frameworks/Ruby.framework/Versions/1.8/usr/lib/ruby/1.8/benchmark.rb:308:in `realtime'
/Library/Ruby/Gems/1.8/gems/activesupport-2.3.5/lib/active_support/core_ext/benchmark.rb:17:in `ms'
/Library/Ruby/Gems/1.8/gems/actionpack-2.3.5/lib/action_controller/benchmarking.rb:51:in `render'
/Library/Ruby/Gems/1.8/gems/actionpack-2.3.5/lib/action_controller/base.rb:1326:in `default_render'
/Library/Ruby/Gems/1.8/gems/actionpack-2.3.5/lib/action_controller/base.rb:1332:in `perform_action_without_filters'
/Library/Ruby/Gems/1.8/gems/actionpack-2.3.5/lib/action_controller/filters.rb:617:in `call_filters'
/Library/Ruby/Gems/1.8/gems/actionpack-2.3.5/lib/action_controller/filters.rb:610:in `perform_action_without_benchmark'
/Library/Ruby/Gems/1.8/gems/actionpack-2.3.5/lib/action_controller/benchmarking.rb:68:in `perform_action_without_rescue'
/Library/Ruby/Gems/1.8/gems/activesupport-2.3.5/lib/active_support/core_ext/benchmark.rb:17:in `ms'
/System/Library/Frameworks/Ruby.framework/Versions/1.8/usr/lib/ruby/1.8/benchmark.rb:308:in `realtime'
/Library/Ruby/Gems/1.8/gems/activesupport-2.3.5/lib/active_support/core_ext/benchmark.rb:17:in `ms'
/Library/Ruby/Gems/1.8/gems/actionpack-2.3.5/lib/action_controller/benchmarking.rb:68:in `perform_action_without_rescue'
/Library/Ruby/Gems/1.8/gems/actionpack-2.3.5/lib/action_controller/rescue.rb:160:in `perform_action_without_flash'
/Library/Ruby/Gems/1.8/gems/actionpack-2.3.5/lib/action_controller/flash.rb:146:in `perform_action'
/Library/Ruby/Gems/1.8/gems/actionpack-2.3.5/lib/action_controller/base.rb:532:in `send'
/Library/Ruby/Gems/1.8/gems/actionpack-2.3.5/lib/action_controller/base.rb:532:in `process_without_filters'
/Library/Ruby/Gems/1.8/gems/actionpack-2.3.5/lib/action_controller/filters.rb:606:in `process'
/Library/Ruby/Gems/1.8/gems/actionpack-2.3.5/lib/action_controller/base.rb:391:in `process'
/Library/Ruby/Gems/1.8/gems/actionpack-2.3.5/lib/action_controller/base.rb:386:in `call'
/Library/Ruby/Gems/1.8/gems/actionpack-2.3.5/lib/action_controller/routing/route_set.rb:437:in `call'
/Library/Ruby/Gems/1.8/gems/actionpack-2.3.5/lib/action_controller/dispatcher.rb:87:in `dispatch'
/Library/Ruby/Gems/1.8/gems/actionpack-2.3.5/lib/action_controller/dispatcher.rb:121:in `_call'
/Library/Ruby/Gems/1.8/gems/actionpack-2.3.5/lib/action_controller/dispatcher.rb:130:in `build_middleware_stack'
/Library/Ruby/Gems/1.8/gems/activerecord-2.3.5/lib/active_record/query_cache.rb:29:in `call'
/Library/Ruby/Gems/1.8/gems/activerecord-2.3.5/lib/active_record/query_cache.rb:29:in `call'
/Library/Ruby/Gems/1.8/gems/activerecord-2.3.5/lib/active_record/connection_adapters/abstract/query_cache.rb:34:in `cache'
/Library/Ruby/Gems/1.8/gems/activerecord-2.3.5/lib/active_record/query_cache.rb:9:in `cache'
/Library/Ruby/Gems/1.8/gems/activerecord-2.3.5/lib/active_record/query_cache.rb:28:in `call'
/Library/Ruby/Gems/1.8/gems/activerecord-2.3.5/lib/active_record/connection_adapters/abstract/connection_pool.rb:361:in `call'
/Library/Ruby/Gems/1.8/gems/actionpack-2.3.5/lib/action_controller/string_coercion.rb:25:in `call'
/Library/Ruby/Gems/1.8/gems/rack-1.0.1/lib/rack/head.rb:9:in `call'
/Library/Ruby/Gems/1.8/gems/rack-1.0.1/lib/rack/methodoverride.rb:24:in `call'
/Library/Ruby/Gems/1.8/gems/actionpack-2.3.5/lib/action_controller/params_parser.rb:15:in `call'
/Library/Ruby/Gems/1.8/gems/actionpack-2.3.5/lib/action_controller/session/cookie_store.rb:93:in `call'
/Library/Ruby/Gems/1.8/gems/actionpack-2.3.5/lib/action_controller/failsafe.rb:26:in `call'
/Library/Ruby/Gems/1.8/gems/rack-1.0.1/lib/rack/lock.rb:11:in `call'
/Library/Ruby/Gems/1.8/gems/rack-1.0.1/lib/rack/lock.rb:11:in `synchronize'
/Library/Ruby/Gems/1.8/gems/rack-1.0.1/lib/rack/lock.rb:11:in `call'
/Library/Ruby/Gems/1.8/gems/actionpack-2.3.5/lib/action_controller/dispatcher.rb:114:in `call'
/Library/Ruby/Gems/1.8/gems/actionpack-2.3.5/lib/action_controller/reloader.rb:34:in `run'
/Library/Ruby/Gems/1.8/gems/actionpack-2.3.5/lib/action_controller/dispatcher.rb:108:in `call'
/Library/Ruby/Gems/1.8/gems/rails-2.3.5/lib/rails/rack/static.rb:31:in `call'
/Library/Ruby/Gems/1.8/gems/rack-1.0.1/lib/rack/urlmap.rb:46:in `call'
/Library/Ruby/Gems/1.8/gems/rack-1.0.1/lib/rack/urlmap.rb:40:in `each'
/Library/Ruby/Gems/1.8/gems/rack-1.0.1/lib/rack/urlmap.rb:40:in `call'
/Library/Ruby/Gems/1.8/gems/rails-2.3.5/lib/rails/rack/log_tailer.rb:17:in `call'
/Library/Ruby/Gems/1.8/gems/rack-1.0.1/lib/rack/content_length.rb:13:in `call'
/Library/Ruby/Gems/1.8/gems/rack-1.0.1/lib/rack/chunked.rb:15:in `call'
/Library/Ruby/Gems/1.8/gems/rack-1.0.1/lib/rack/handler/mongrel.rb:64:in `process'
/System/Library/Frameworks/Ruby.framework/Versions/1.8/usr/lib/ruby/gems/1.8/gems/mongrel-1.1.5/lib/mongrel.rb:159:in `process_client'
/System/Library/Frameworks/Ruby.framework/Versions/1.8/usr/lib/ruby/gems/1.8/gems/mongrel-1.1.5/lib/mongrel.rb:158:in `each'
/System/Library/Frameworks/Ruby.framework/Versions/1.8/usr/lib/ruby/gems/1.8/gems/mongrel-1.1.5/lib/mongrel.rb:158:in `process_client'
/System/Library/Frameworks/Ruby.framework/Versions/1.8/usr/lib/ruby/gems/1.8/gems/mongrel-1.1.5/lib/mongrel.rb:285:in `run'
/System/Library/Frameworks/Ruby.framework/Versions/1.8/usr/lib/ruby/gems/1.8/gems/mongrel-1.1.5/lib/mongrel.rb:285:in `initialize'
/System/Library/Frameworks/Ruby.framework/Versions/1.8/usr/lib/ruby/gems/1.8/gems/mongrel-1.1.5/lib/mongrel.rb:285:in `new'
/System/Library/Frameworks/Ruby.framework/Versions/1.8/usr/lib/ruby/gems/1.8/gems/mongrel-1.1.5/lib/mongrel.rb:285:in `run'
/System/Library/Frameworks/Ruby.framework/Versions/1.8/usr/lib/ruby/gems/1.8/gems/mongrel-1.1.5/lib/mongrel.rb:268:in `initialize'
/System/Library/Frameworks/Ruby.framework/Versions/1.8/usr/lib/ruby/gems/1.8/gems/mongrel-1.1.5/lib/mongrel.rb:268:in `new'
/System/Library/Frameworks/Ruby.framework/Versions/1.8/usr/lib/ruby/gems/1.8/gems/mongrel-1.1.5/lib/mongrel.rb:268:in `run'
/Library/Ruby/Gems/1.8/gems/rack-1.0.1/lib/rack/handler/mongrel.rb:34:in `run'
/Library/Ruby/Gems/1.8/gems/rails-2.3.5/lib/commands/server.rb:111
/Library/Ruby/Site/1.8/rubygems/custom_require.rb:31:in `gem_original_require'
/Library/Ruby/Site/1.8/rubygems/custom_require.rb:31:in `require'
script/server:3

ActionView::TemplateError (compile error
/Users/nigelr/Rails/blog/app/views/blogs/index.html.erb:16: syntax error, unexpected '<', expecting ')'
    </tr>
     ^
/Users/nigelr/Rails/blog/app/views/blogs/index.html.erb:17: unknown regexp options - tabl
/Users/nigelr/Rails/blog/app/views/blogs/index.html.erb:17: unmatched ): /tr>
  <% end ).to_s); @output_buffer.concat "\n</
/Users/nigelr/Rails/blog/app/views/blogs/index.html.erb:17: syntax error, unexpected $undefined
  <% end ).to_s); @output_buffer.concat "\n</table>\n\n<p>"
                                                    ^
/Users/nigelr/Rails/blog/app/views/blogs/index.html.erb:20: syntax error, unexpected tCONSTANT, expecting ')'
...t_buffer.concat(( link_to "New Blog", new_blog_path ).to_s);...
                              ^
/Users/nigelr/Rails/blog/app/views/blogs/index.html.erb:20: unterminated string meets end of file
/Users/nigelr/Rails/blog/app/views/blogs/index.html.erb:20: syntax error, unexpected tSTRING_END, expecting tSTRING_CONTENT or tREGEXP_END or tSTRING_DBEG or tSTRING_DVAR) on line #16 of app/views/blogs/index.html.erb:
13:       <td><%= link_to "Edit", edit_blog_path(blog) %></td>
14:       <td><%= link_to "Destroy", blog, :confirm => 'Are you sure?', :method => :delete %></td>
15:       <td><%= link_to "Comments", blog_comments_path()
16:     </tr>
17:   <% end %>
18: </table>
19: 

    app/views/blogs/index.html.erb:20:in `compile!'

Rendered rescues/_trace (34.8ms)
Rendered rescues/_request_and_response (0.3ms)
Rendering rescues/layout (internal_server_error)


Processing BlogsController#index (for 127.0.0.1 at 2010-05-29 17:50:26) [GET]
  [4;36;1mBlog Load (0.6ms)[0m   [0;1mSELECT * FROM "blogs" [0m
Rendering template within layouts/application
Rendering blogs/index

ActionView::TemplateError (blog_comments_url failed to generate from {:action=>"index", :controller=>"comments"} - you may have ambiguous routes, or you may need to supply additional parameters for this route.  content_url has the following required parameters: ["blogs", :blog_id, "comments"] - are they all satisfied?) on line #15 of app/views/blogs/index.html.erb:
12:       <td><%= link_to "Show", blog %></td>
13:       <td><%= link_to "Edit", edit_blog_path(blog) %></td>
14:       <td><%= link_to "Destroy", blog, :confirm => 'Are you sure?', :method => :delete %></td>
15:       <td><%= link_to "Comments", blog_comments_path() %>
16:     </tr>
17:   <% end %>
18: </table>

    (eval):20:in `blog_comments_path'
    app/views/blogs/index.html.erb:15
    app/views/blogs/index.html.erb:8:in `each'
    app/views/blogs/index.html.erb:8

Rendered rescues/_trace (113.4ms)
Rendered rescues/_request_and_response (0.3ms)
Rendering rescues/layout (internal_server_error)


Processing BlogsController#index (for 127.0.0.1 at 2010-05-29 17:51:12) [GET]
  [4;35;1mBlog Load (0.6ms)[0m   [0mSELECT * FROM "blogs" [0m
Rendering template within layouts/application
Rendering blogs/index
Completed in 24ms (View: 19, DB: 1) | 200 OK [http://localhost/blogs]


Processing CommentsController#index (for 127.0.0.1 at 2010-05-29 17:51:32) [GET]
  Parameters: {"blog_id"=>"1"}
  [4;36;1mComment Load (0.6ms)[0m   [0;1mSELECT * FROM "comments" [0m
Rendering template within layouts/application
Rendering comments/index
  [4;35;1mBlog Load (0.2ms)[0m   [0mSELECT * FROM "blogs" WHERE ("blogs"."id" = 1) [0m

ActionView::TemplateError (undefined method `comment_path' for #<ActionView::Base:0x10352a400>) on line #16 of app/views/comments/index.html.erb:
13:       <td><%=h comment.first_name %></td>
14:       <td><%=h comment.last_name %></td>
15:       <td><%=h comment.message %></td>
16:       <td><%= link_to "Show", comment %></td>
17:       <td><%= link_to "Edit", edit_comment_path(comment) %></td>
18:       <td><%= link_to "Destroy", comment, :confirm => 'Are you sure?', :method => :delete %></td>
19:     </tr>

    app/views/comments/index.html.erb:16
    app/views/comments/index.html.erb:10:in `each'
    app/views/comments/index.html.erb:10

Rendered rescues/_trace (107.1ms)
Rendered rescues/_request_and_response (0.3ms)
Rendering rescues/layout (internal_server_error)


Processing BlogsController#index (for 127.0.0.1 at 2010-05-29 17:54:53) [GET]
  [4;36;1mBlog Load (0.6ms)[0m   [0;1mSELECT * FROM "blogs" [0m
Rendering template within layouts/application
Rendering blogs/index
Completed in 19ms (View: 15, DB: 1) | 200 OK [http://localhost/blogs]


Processing CommentsController#index (for 127.0.0.1 at 2010-05-29 17:54:56) [GET]
  Parameters: {"blog_id"=>"1"}
  [4;35;1mComment Load (0.5ms)[0m   [0mSELECT * FROM "comments" [0m
Rendering template within layouts/application
Rendering comments/index
  [4;36;1mBlog Load (0.2ms)[0m   [0;1mSELECT * FROM "blogs" WHERE ("blogs"."id" = 1) [0m

ActionView::TemplateError (undefined method `comment_path' for #<ActionView::Base:0x1035566e0>) on line #16 of app/views/comments/index.html.erb:
13:       <td><%=h comment.first_name %></td>
14:       <td><%=h comment.last_name %></td>
15:       <td><%=h comment.message %></td>
16:       <td><%= link_to "Show", comment %></td>
17:       <td><%= link_to "Edit", edit_comment_path(comment) %></td>
18:       <td><%= link_to "Destroy", comment, :confirm => 'Are you sure?', :method => :delete %></td>
19:     </tr>

    app/views/comments/index.html.erb:16
    app/views/comments/index.html.erb:10:in `each'
    app/views/comments/index.html.erb:10

Rendered rescues/_trace (106.2ms)
Rendered rescues/_request_and_response (0.3ms)
Rendering rescues/layout (internal_server_error)


Processing CommentsController#index (for 127.0.0.1 at 2010-05-29 17:59:23) [GET]
  Parameters: {"blog_id"=>"1"}
  [4;35;1mComment Load (0.6ms)[0m   [0mSELECT * FROM "comments" [0m
Rendering template within layouts/application
Rendering comments/index
  [4;36;1mBlog Load (0.2ms)[0m   [0;1mSELECT * FROM "blogs" WHERE ("blogs"."id" = 1) [0m
  [4;35;1mCACHE (0.0ms)[0m   [0mSELECT * FROM "blogs" WHERE ("blogs"."id" = 1) [0m
  [4;36;1mBlog Load (0.2ms)[0m   [0;1mSELECT * FROM "blogs" WHERE ("blogs"."id" = 5) [0m
Completed in 16ms (View: 12, DB: 1) | 200 OK [http://localhost/blogs/1/comments]


Processing CommentsController#index (for 127.0.0.1 at 2010-05-29 18:00:34) [GET]
  Parameters: {"blog_id"=>"1"}
  [4;35;1mComment Load (0.6ms)[0m   [0mSELECT * FROM "comments" [0m
Rendering template within layouts/application
Rendering comments/index
  [4;36;1mBlog Load (0.2ms)[0m   [0;1mSELECT * FROM "blogs" WHERE ("blogs"."id" = 1) [0m
  [4;35;1mCACHE (0.0ms)[0m   [0mSELECT * FROM "blogs" WHERE ("blogs"."id" = 1) [0m
  [4;36;1mBlog Load (0.2ms)[0m   [0;1mSELECT * FROM "blogs" WHERE ("blogs"."id" = 5) [0m
Completed in 13ms (View: 8, DB: 1) | 200 OK [http://localhost/blogs/1/comments]


Processing CommentsController#index (for 127.0.0.1 at 2010-05-29 18:03:03) [GET]
  Parameters: {"blog_id"=>"1"}
  [4;35;1mBlog Load (0.2ms)[0m   [0mSELECT * FROM "blogs" WHERE ("blogs"."id" = 1) [0m
Rendering template within layouts/application
Rendering comments/index
  [4;36;1mComment Load (0.3ms)[0m   [0;1mSELECT * FROM "comments" WHERE ("comments".blog_id = 1) [0m
  [4;35;1mCACHE (0.0ms)[0m   [0mSELECT * FROM "blogs" WHERE ("blogs"."id" = 1) [0m
  [4;36;1mCACHE (0.0ms)[0m   [0;1mSELECT * FROM "blogs" WHERE ("blogs"."id" = 1) [0m
Completed in 13ms (View: 5, DB: 1) | 200 OK [http://localhost/blogs/1/comments]


Processing CommentsController#index (for 127.0.0.1 at 2010-05-29 18:03:12) [GET]
  Parameters: {"blog_id"=>"1"}
  [4;35;1mBlog Load (0.2ms)[0m   [0mSELECT * FROM "blogs" WHERE ("blogs"."id" = 1) [0m
  [4;36;1mComment Load (0.3ms)[0m   [0;1mSELECT * FROM "comments" WHERE ("comments".blog_id = 1) [0m
Rendering template within layouts/application
Rendering comments/index
  [4;35;1mCACHE (0.0ms)[0m   [0mSELECT * FROM "blogs" WHERE ("blogs"."id" = 1) [0m
  [4;36;1mCACHE (0.0ms)[0m   [0;1mSELECT * FROM "blogs" WHERE ("blogs"."id" = 1) [0m
Completed in 12ms (View: 4, DB: 1) | 200 OK [http://localhost/blogs/1/comments]


Processing CommentsController#index (for 127.0.0.1 at 2010-05-29 18:05:21) [GET]
  Parameters: {"blog_id"=>"1"}
  [4;35;1mBlog Load (0.2ms)[0m   [0mSELECT * FROM "blogs" WHERE ("blogs"."id" = 1) [0m
  [4;36;1mComment Load (0.4ms)[0m   [0;1mSELECT * FROM "comments" WHERE ("comments".blog_id = 1) [0m
Rendering template within layouts/application
Rendering comments/index
  [4;35;1mCACHE (0.0ms)[0m   [0mSELECT * FROM "blogs" WHERE ("blogs"."id" = 1) [0m
  [4;36;1mCACHE (0.0ms)[0m   [0;1mSELECT * FROM "blogs" WHERE ("blogs"."id" = 1) [0m
Completed in 79ms (View: 9, DB: 1) | 200 OK [http://localhost/blogs/1/comments]


Processing CommentsController#index (for 127.0.0.1 at 2010-05-29 18:06:32) [GET]
  Parameters: {"blog_id"=>"1"}
  [4;35;1mBlog Load (0.2ms)[0m   [0mSELECT * FROM "blogs" WHERE ("blogs"."id" = 1) [0m
  [4;36;1mComment Load (0.4ms)[0m   [0;1mSELECT * FROM "comments" WHERE ("comments".blog_id = 1) [0m
Rendering template within layouts/application
Rendering comments/index
  [4;35;1mCACHE (0.0ms)[0m   [0mSELECT * FROM "blogs" WHERE ("blogs"."id" = 1) [0m
  [4;36;1mCACHE (0.0ms)[0m   [0;1mSELECT * FROM "blogs" WHERE ("blogs"."id" = 1) [0m
Completed in 17ms (View: 9, DB: 1) | 200 OK [http://localhost/blogs/1/comments]


Processing CommentsController#index (for 127.0.0.1 at 2010-05-29 18:07:16) [GET]
  Parameters: {"blog_id"=>"1"}
  [4;35;1mBlog Load (0.2ms)[0m   [0mSELECT * FROM "blogs" WHERE ("blogs"."id" = 1) [0m
  [4;36;1mComment Load (0.3ms)[0m   [0;1mSELECT * FROM "comments" WHERE ("comments".blog_id = 1) [0m
Rendering template within layouts/application
Rendering comments/index
  [4;35;1mCACHE (0.0ms)[0m   [0mSELECT * FROM "blogs" WHERE ("blogs"."id" = 1) [0m
  [4;36;1mCACHE (0.0ms)[0m   [0;1mSELECT * FROM "blogs" WHERE ("blogs"."id" = 1) [0m
Completed in 17ms (View: 9, DB: 0) | 200 OK [http://localhost/blogs/1/comments]


Processing CommentsController#show (for 127.0.0.1 at 2010-05-29 18:07:55) [GET]
  Parameters: {"blog_id"=>"1", "id"=>"1"}
  [4;35;1mComment Load (0.2ms)[0m   [0mSELECT * FROM "comments" WHERE ("comments"."id" = 1) [0m
Rendering template within layouts/application
Rendering comments/show
  [4;36;1mBlog Load (0.2ms)[0m   [0;1mSELECT * FROM "blogs" WHERE ("blogs"."id" = 1) [0m

ActionView::TemplateError (undefined method `edit_comment_path' for #<ActionView::Base:0x10347def8>) on line #21 of app/views/comments/show.html.erb:
18: </p>
19: 
20: <p>
21:   <%= link_to "Edit", edit_comment_path(@comment) %> |
22:   <%= link_to "Destroy", @comment, :confirm => 'Are you sure?', :method => :delete %> |
23:   <%= link_to "View All", comments_path %>
24: </p>

    app/views/comments/show.html.erb:21

Rendered rescues/_trace (100.6ms)
Rendered rescues/_request_and_response (0.3ms)
Rendering rescues/layout (internal_server_error)


Processing CommentsController#show (for 127.0.0.1 at 2010-05-29 18:08:54) [GET]
  Parameters: {"blog_id"=>"1", "id"=>"1"}
  [4;35;1mComment Load (0.2ms)[0m   [0mSELECT * FROM "comments" WHERE ("comments"."id" = 1) [0m
Rendering template within layouts/application
Rendering comments/show
  [4;36;1mBlog Load (0.3ms)[0m   [0;1mSELECT * FROM "blogs" WHERE ("blogs"."id" = 1) [0m
Completed in 15ms (View: 10, DB: 0) | 200 OK [http://localhost/blogs/1/comments/1]


Processing CommentsController#show (for 127.0.0.1 at 2010-05-29 18:09:02) [GET]
  Parameters: {"blog_id"=>"1", "id"=>"3"}
  [4;35;1mComment Load (0.2ms)[0m   [0mSELECT * FROM "comments" WHERE ("comments"."id" = 3) [0m
Rendering template within layouts/application
Rendering comments/show
  [4;36;1mBlog Load (0.2ms)[0m   [0;1mSELECT * FROM "blogs" WHERE ("blogs"."id" = 5) [0m
Completed in 11ms (View: 6, DB: 0) | 200 OK [http://localhost/blogs/1/comments/3]


Processing CommentsController#show (for 127.0.0.1 at 2010-05-29 18:10:39) [GET]
  Parameters: {"blog_id"=>"1", "id"=>"3"}
  [4;35;1mBlog Load (0.2ms)[0m   [0mSELECT * FROM "blogs" WHERE ("blogs"."id" = 1) [0m
  [4;36;1mComment Load (0.2ms)[0m   [0;1mSELECT * FROM "comments" WHERE ("comments"."id" = 3 AND ("comments".blog_id = 1)) [0m

ActiveRecord::RecordNotFound (Couldn't find Comment with ID=3 AND ("comments".blog_id = 1)):
  app/controllers/comments_controller.rb:10:in `show'

Rendered rescues/_trace (98.3ms)
Rendered rescues/_request_and_response (0.3ms)
Rendering rescues/layout (not_found)


Processing CommentsController#show (for 127.0.0.1 at 2010-05-29 18:10:49) [GET]
  Parameters: {"blog_id"=>"1", "id"=>"2"}
  [4;35;1mBlog Load (0.2ms)[0m   [0mSELECT * FROM "blogs" WHERE ("blogs"."id" = 1) [0m
  [4;36;1mComment Load (0.3ms)[0m   [0;1mSELECT * FROM "comments" WHERE ("comments"."id" = 2 AND ("comments".blog_id = 1)) [0m
Rendering template within layouts/application
Rendering comments/show
  [4;35;1mCACHE (0.0ms)[0m   [0mSELECT * FROM "blogs" WHERE ("blogs"."id" = 1) [0m
Completed in 12ms (View: 3, DB: 0) | 200 OK [http://localhost/blogs/1/comments/2]


Processing CommentsController#show (for 127.0.0.1 at 2010-05-29 18:13:33) [GET]
  Parameters: {"blog_id"=>"1", "id"=>"2"}
  [4;36;1mBlog Load (0.2ms)[0m   [0;1mSELECT * FROM "blogs" WHERE ("blogs"."id" = 1) [0m
  [4;35;1mComment Load (0.2ms)[0m   [0mSELECT * FROM "comments" WHERE ("comments"."id" = 2 AND ("comments".blog_id = 1)) [0m
Rendering template within layouts/application
Rendering comments/show
  [4;36;1mCACHE (0.0ms)[0m   [0;1mSELECT * FROM "blogs" WHERE ("blogs"."id" = 1) [0m
Completed in 12ms (View: 3, DB: 0) | 200 OK [http://localhost/blogs/1/comments/2]


Processing CommentsController#show (for 127.0.0.1 at 2010-05-29 18:17:38) [GET]
  Parameters: {"blog_id"=>"1", "id"=>"2"}
  [4;35;1mBlog Load (0.2ms)[0m   [0mSELECT * FROM "blogs" WHERE ("blogs"."id" = 1) [0m
  [4;36;1mComment Load (0.2ms)[0m   [0;1mSELECT * FROM "comments" WHERE ("comments"."id" = 2 AND ("comments".blog_id = 1)) [0m
Rendering template within layouts/application
Rendering comments/show
  [4;35;1mCACHE (0.0ms)[0m   [0mSELECT * FROM "blogs" WHERE ("blogs"."id" = 1) [0m
Completed in 12ms (View: 3, DB: 0) | 200 OK [http://localhost/blogs/1/comments/2]


Processing CommentsController#show (for 127.0.0.1 at 2010-05-29 18:17:48) [GET]
  Parameters: {"blog_id"=>"1", "id"=>"2"}
  [4;36;1mBlog Load (0.2ms)[0m   [0;1mSELECT * FROM "blogs" WHERE ("blogs"."id" = 1) [0m
  [4;35;1mComment Load (0.2ms)[0m   [0mSELECT * FROM "comments" WHERE ("comments"."id" = 2 AND ("comments".blog_id = 1)) [0m
Rendering template within layouts/application
Rendering comments/show
  [4;36;1mCACHE (0.0ms)[0m   [0;1mSELECT * FROM "blogs" WHERE ("blogs"."id" = 1) [0m

ActionView::TemplateError (undefined method `edit_comment_path' for #<ActionView::Base:0x10341a268>) on line #21 of app/views/comments/show.html.erb:
18: </p>
19: 
20: <p>
21:   <%= link_to "Edit", edit_comment_path(@comment) %> |
22:   <%#= link_to "Destroy", @comment, :confirm => 'Are you sure?', :method => :delete %> |
23:   <%#= link_to "View All", comments_path %>
24: </p>

    app/views/comments/show.html.erb:21

Rendered rescues/_trace (99.9ms)
Rendered rescues/_request_and_response (0.3ms)
Rendering rescues/layout (internal_server_error)


Processing CommentsController#show (for 127.0.0.1 at 2010-05-29 18:18:01) [GET]
  Parameters: {"blog_id"=>"1", "id"=>"2"}
  [4;35;1mBlog Load (0.2ms)[0m   [0mSELECT * FROM "blogs" WHERE ("blogs"."id" = 1) [0m
  [4;36;1mComment Load (0.2ms)[0m   [0;1mSELECT * FROM "comments" WHERE ("comments"."id" = 2 AND ("comments".blog_id = 1)) [0m
Rendering template within layouts/application
Rendering comments/show
  [4;35;1mCACHE (0.0ms)[0m   [0mSELECT * FROM "blogs" WHERE ("blogs"."id" = 1) [0m
Completed in 17ms (View: 7, DB: 0) | 200 OK [http://localhost/blogs/1/comments/2]


Processing CommentsController#edit (for 127.0.0.1 at 2010-05-29 18:18:08) [GET]
  Parameters: {"blog_id"=>"1", "id"=>"2"}
  [4;36;1mBlog Load (0.2ms)[0m   [0;1mSELECT * FROM "blogs" WHERE ("blogs"."id" = 1) [0m
  [4;35;1mComment Load (0.3ms)[0m   [0mSELECT * FROM "comments" WHERE ("comments"."id" = 2 AND ("comments".blog_id = 1)) [0m
Rendering template within layouts/application
Rendering comments/edit

ActionView::TemplateError (undefined method `comment_path' for #<ActionView::Base:0x10348f680>) on line #1 of app/views/comments/_form.html.erb:
1: <% form_for @comment do |f| %>
2:   <%= f.error_messages %>
3:   <p>
4:     <%= f.label :blog %><br />

    app/views/comments/_form.html.erb:1
    app/views/comments/edit.html.erb:3

Rendered rescues/_trace (114.3ms)
Rendered rescues/_request_and_response (0.3ms)
Rendering rescues/layout (internal_server_error)


Processing CommentsController#show (for 127.0.0.1 at 2010-05-29 18:23:36) [GET]
  Parameters: {"blog_id"=>"1", "id"=>"1"}
  [4;36;1mBlog Load (0.2ms)[0m   [0;1mSELECT * FROM "blogs" WHERE ("blogs"."id" = 1) [0m
  [4;35;1mComment Load (0.2ms)[0m   [0mSELECT * FROM "comments" WHERE ("comments"."id" = 1 AND ("comments".blog_id = 1)) [0m
Rendering template within layouts/application
Rendering comments/show
  [4;36;1mCACHE (0.0ms)[0m   [0;1mSELECT * FROM "blogs" WHERE ("blogs"."id" = 1) [0m
Completed in 12ms (View: 3, DB: 0) | 200 OK [http://localhost/blogs/1/comments/1]


Processing CommentsController#index (for 127.0.0.1 at 2010-05-29 18:23:40) [GET]
  Parameters: {"blog_id"=>"1"}
  [4;35;1mBlog Load (0.2ms)[0m   [0mSELECT * FROM "blogs" WHERE ("blogs"."id" = 1) [0m
  [4;36;1mComment Load (0.3ms)[0m   [0;1mSELECT * FROM "comments" WHERE ("comments".blog_id = 1) [0m
Rendering template within layouts/application
Rendering comments/index
  [4;35;1mCACHE (0.0ms)[0m   [0mSELECT * FROM "blogs" WHERE ("blogs"."id" = 1) [0m
  [4;36;1mCACHE (0.0ms)[0m   [0;1mSELECT * FROM "blogs" WHERE ("blogs"."id" = 1) [0m
Completed in 17ms (View: 9, DB: 1) | 200 OK [http://localhost/blogs/1/comments]
